<?xml version="1.0" encoding="UTF-8"?>
<!-- Generated by org.testng.reporters.JUnitReportReporter -->
<testsuite skipped="0" hostname="Hunza-PC" name="com.unitTestCases.TC_LaunchGoogleSearch3" tests="2" failures="0" timestamp="02 Nov 2019 20:43:02 GMT" time="2.666" errors="0">
  <testcase name="TestMethodThree" time="2.065" classname="com.unitTestCases.TC_LaunchGoogleSearch3"/>
  <testcase name="TestMethodThree" time="0.601" classname="com.unitTestCases.TC_LaunchGoogleSearch3"/>
</testsuite> <!-- com.unitTestCases.TC_LaunchGoogleSearch3 -->
