<?xml version="1.0" encoding="UTF-8"?>
<!-- Generated by org.testng.reporters.JUnitReportReporter -->
<testsuite skipped="0" hostname="Hunza-PC" name="com.unitTestCases.TC_LaunchGoogleSearch" tests="1" failures="0" timestamp="18 Feb 2019 23:01:57 GMT" time="0.570" errors="0">
  <testcase name="TestMethodOne" time="0.570" classname="com.unitTestCases.TC_LaunchGoogleSearch"/>
</testsuite> <!-- com.unitTestCases.TC_LaunchGoogleSearch -->
