<?xml version="1.0" encoding="UTF-8"?>
<!-- Generated by org.testng.reporters.JUnitReportReporter -->
<testsuite skipped="0" hostname="Hunza-PC" name="com.unitTestCases.TC_LaunchGoogleSearch1" tests="2" failures="0" timestamp="02 Nov 2019 20:43:02 GMT" time="2.890" errors="0">
  <testcase name="TestMethodOne" time="1.776" classname="com.unitTestCases.TC_LaunchGoogleSearch1"/>
  <testcase name="TestMethodOne" time="1.114" classname="com.unitTestCases.TC_LaunchGoogleSearch1"/>
</testsuite> <!-- com.unitTestCases.TC_LaunchGoogleSearch1 -->
